  main.cpp
C:\Users\Михаил\source\repos\ADS2.1\ADS2.1\main.cpp(15,30): warning C4293: <<: отрицательное или слишком большое смещение; поведение не определено
C:\Users\Михаил\source\repos\ADS2.1\ADS2.1\main.cpp(19,26): warning C4244: аргумент: преобразование "time_t" в "unsigned int", возможна потеря данных
C:\Users\Михаил\source\repos\ADS2.1\ADS2.1\main.cpp(46,18): warning C4244: аргумент: преобразование "INT_64" в "MyKey", возможна потеря данных
          with
          [
              MyKey=int
          ]
C:\Users\Михаил\source\repos\ADS2.1\ADS2.1\main.cpp(59,24): warning C4244: аргумент: преобразование "INT_64" в "MyKey", возможна потеря данных
          with
          [
              MyKey=int
          ]
C:\Users\Михаил\source\repos\ADS2.1\ADS2.1\main.cpp(62,28): warning C4244: аргумент: преобразование "INT_64" в "MyKey", возможна потеря данных
          with
          [
              MyKey=int
          ]
C:\Users\Михаил\source\repos\ADS2.1\ADS2.1\main.cpp(66,23): warning C4244: аргумент: преобразование "INT_64" в "MyKey", возможна потеря данных
          with
          [
              MyKey=int
          ]
C:\Users\Михаил\source\repos\ADS2.1\ADS2.1\main.cpp(76,21): warning C4244: аргумент: преобразование "INT_64" в "MyKey", возможна потеря данных
          with
          [
              MyKey=int
          ]
C:\Users\Михаил\source\repos\ADS2.1\ADS2.1\main.cpp(80,16): warning C4244: аргумент: преобразование "INT_64" в "MyKey", возможна потеря данных
          with
          [
              MyKey=int
          ]
C:\Users\Михаил\source\repos\ADS2.1\ADS2.1\main.cpp(85,27): warning C4244: аргумент: преобразование "INT_64" в "MyKey", возможна потеря данных
          with
          [
              MyKey=int
          ]
C:\Users\Михаил\source\repos\ADS2.1\ADS2.1\main.cpp(117,18): warning C4244: аргумент: преобразование "INT_64" в "MyKey", возможна потеря данных
          with
          [
              MyKey=int
          ]
C:\Users\Михаил\source\repos\ADS2.1\ADS2.1\main.cpp(135,16): warning C4244: аргумент: преобразование "INT_64" в "MyKey", возможна потеря данных
          with
          [
              MyKey=int
          ]
C:\Users\Михаил\source\repos\ADS2.1\ADS2.1\main.cpp(138,28): warning C4244: аргумент: преобразование "INT_64" в "MyKey", возможна потеря данных
          with
          [
              MyKey=int
          ]
C:\Users\Михаил\source\repos\ADS2.1\ADS2.1\main.cpp(144,15): warning C4244: аргумент: преобразование "INT_64" в "MyKey", возможна потеря данных
          with
          [
              MyKey=int
          ]
C:\Users\Михаил\source\repos\ADS2.1\ADS2.1\main.cpp(154,21): warning C4244: аргумент: преобразование "INT_64" в "MyKey", возможна потеря данных
          with
          [
              MyKey=int
          ]
C:\Users\Михаил\source\repos\ADS2.1\ADS2.1\main.cpp(159,16): warning C4244: аргумент: преобразование "INT_64" в "MyKey", возможна потеря данных
          with
          [
              MyKey=int
          ]
C:\Users\Михаил\source\repos\ADS2.1\ADS2.1\main.cpp(164,27): warning C4244: аргумент: преобразование "INT_64" в "MyKey", возможна потеря данных
          with
          [
              MyKey=int
          ]
C:\Users\Михаил\source\repos\ADS2.1\ADS2.1\Tree.h(442): warning C4715: MyTree<unsigned __int64,int>::go_back_ins: значение возвращается не при всех путях выполнения
C:\Users\Михаил\source\repos\ADS2.1\ADS2.1\Tree.h(60): warning C4715: MyTree<int,int>::Iterator::go_to_begin: значение возвращается не при всех путях выполнения
C:\Users\Михаил\source\repos\ADS2.1\ADS2.1\Tree.h(77): warning C4715: MyTree<int,int>::Iterator::go_to_end: значение возвращается не при всех путях выполнения
C:\Users\Михаил\source\repos\ADS2.1\ADS2.1\Tree.h(143): warning C4715: MyTree<int,int>::ReverseIterator::go_to_rbegin: значение возвращается не при всех путях выполнения
C:\Users\Михаил\source\repos\ADS2.1\ADS2.1\Tree.h(160): warning C4715: MyTree<int,int>::ReverseIterator::go_to_rend: значение возвращается не при всех путях выполнения
C:\Users\Михаил\source\repos\ADS2.1\ADS2.1\Tree.h(428): warning C4715: MyTree<unsigned __int64,int>::go_back_del: значение возвращается не при всех путях выполнения
C:\Users\Михаил\source\repos\ADS2.1\ADS2.1\Tree.h(442): warning C4715: MyTree<int,int>::go_back_ins: значение возвращается не при всех путях выполнения
C:\Users\Михаил\source\repos\ADS2.1\ADS2.1\Tree.h(428): warning C4715: MyTree<int,int>::go_back_del: значение возвращается не при всех путях выполнения
  ADS2.1.vcxproj -> C:\Users\Михаил\source\repos\ADS2.1\Debug\ADS2.1.exe
